<?xml version="1.0" encoding="UTF-8" ?>
<testsuite failures="0" time="0.031" errors="1" skipped="0" tests="1" name="org.sakaiproject.authoring.test.accordion.JAccordionTest">
  <properties>
    <property name="java.vendor" value="Sun Microsystems Inc."/>
    <property name="localRepository" value="C:\Users\Elisa\.m2\repository"/>
    <property name="sun.java.launcher" value="SUN_STANDARD"/>
    <property name="sun.management.compiler" value="HotSpot Client Compiler"/>
    <property name="env.PROMPT" value="$P$G"/>
    <property name="os.name" value="Windows Vista"/>
    <property name="env.FP_NO_HOST_CHECK" value="NO"/>
    <property name="sun.boot.class.path" value="C:\java\jdk1.6.0_07\jre\lib\resources.jar;C:\java\jdk1.6.0_07\jre\lib\rt.jar;C:\java\jdk1.6.0_07\jre\lib\sunrsasign.jar;C:\java\jdk1.6.0_07\jre\lib\jsse.jar;C:\java\jdk1.6.0_07\jre\lib\jce.jar;C:\java\jdk1.6.0_07\jre\lib\charsets.jar;C:\java\jdk1.6.0_07\jre\classes"/>
    <property name="env.COMPUTERNAME" value="ELISA-PC"/>
    <property name="env.ALLUSERSPROFILE" value="C:\ProgramData"/>
    <property name="sun.desktop" value="windows"/>
    <property name="java.vm.specification.vendor" value="Sun Microsystems Inc."/>
    <property name="java.runtime.version" value="1.6.0_07-b06"/>
    <property name="env.HOMEPATH" value="\Users\Elisa"/>
    <property name="user.name" value="Elisa"/>
    <property name="user.language" value="pt"/>
    <property name="env.windows_tracing_flags" value="3"/>
    <property name="sun.boot.library.path" value="C:\java\jdk1.6.0_07\jre\bin"/>
    <property name="java.version" value="1.6.0_07"/>
    <property name="env.PROCESSOR_IDENTIFIER" value="x86 Family 6 Model 15 Stepping 13, GenuineIntel"/>
    <property name="user.timezone" value=""/>
    <property name="env.TEMP" value="C:\Users\Elisa\AppData\Local\Temp"/>
    <property name="sun.arch.data.model" value="32"/>
    <property name="java.endorsed.dirs" value="C:\java\jdk1.6.0_07\jre\lib\endorsed"/>
    <property name="sun.cpu.isalist" value="pentium_pro+mmx pentium_pro pentium+mmx pentium i486 i386 i86"/>
    <property name="env.HOMEDRIVE" value="C:"/>
    <property name="sun.jnu.encoding" value="Cp1252"/>
    <property name="file.encoding.pkg" value="sun.io"/>
    <property name="file.separator" value="\"/>
    <property name="java.specification.name" value="Java Platform API Specification"/>
    <property name="java.class.version" value="50.0"/>
    <property name="user.country" value="BR"/>
    <property name="java.home" value="C:\java\jdk1.6.0_07\jre"/>
    <property name="env.PSModulePath" value="C:\Windows\system32\WindowsPowerShell\v1.0\Modules\"/>
    <property name="env.APPDATA" value="C:\Users\Elisa\AppData\Roaming"/>
    <property name="env.PUBLIC" value="C:\Users\Public"/>
    <property name="env.windows_tracing_logfile" value="C:\BVTBin\Tests\installpackage\csilogfile.log"/>
    <property name="java.vm.info" value="mixed mode, sharing"/>
    <property name="env.ComSpec" value="C:\Windows\system32\cmd.exe"/>
    <property name="env.OS" value="Windows_NT"/>
    <property name="env.CommonProgramFiles" value="C:\Program Files\Common Files"/>
    <property name="os.version" value="6.1"/>
    <property name="path.separator" value=";"/>
    <property name="java.vm.version" value="10.0-b23"/>
    <property name="user.variant" value=""/>
    <property name="env.USERPROFILE" value="C:\Users\Elisa"/>
    <property name="java.awt.printerjob" value="sun.awt.windows.WPrinterJob"/>
    <property name="env.TMP" value="C:\Users\Elisa\AppData\Local\Temp"/>
    <property name="sun.io.unicode.encoding" value="UnicodeLittle"/>
    <property name="awt.toolkit" value="sun.awt.windows.WToolkit"/>
    <property name="user.home" value="C:\Users\Elisa"/>
    <property name="env.ProgramData" value="C:\ProgramData"/>
    <property name="env.SESSIONNAME" value="Console"/>
    <property name="java.specification.vendor" value="Sun Microsystems Inc."/>
    <property name="env.NUMBER_OF_PROCESSORS" value="2"/>
    <property name="java.library.path" value="C:\java\jdk1.6.0_07\bin;.;C:\Windows\Sun\Java\bin;C:\Windows\system32;C:\Windows;C:\java\jdk1.6.0_07\bin\..\jre\bin\client;C:\java\jdk1.6.0_07\bin\..\jre\bin;C:\java\jdk1.6.0_07\bin;C:\Windows\system32;C:\Windows;C:\Windows\System32\Wbem;C:\Windows\System32\WindowsPowerShell\v1.0\"/>
    <property name="java.vendor.url" value="http://java.sun.com/"/>
    <property name="java.vm.vendor" value="Sun Microsystems Inc."/>
    <property name="env.MAVEN2_CLASSPATH_CONTAINER" value="C:\Users\Elisa"/>
    <property name="java.runtime.name" value="Java(TM) SE Runtime Environment"/>
    <property name="java.class.path" value="/C:/java/ide/eclipse-jee-europa-winter-win32/eclipse/plugins/org.maven.ide.components.maven_embedder_2.1.0.20080530-2300/jars/aspectjrt-1.5.3.jar;/C:/java/ide/eclipse-jee-europa-winter-win32/eclipse/plugins/org.maven.ide.components.maven_embedder_2.1.0.20080530-2300/jars/commons-cli-1.0.jar;/C:/java/ide/eclipse-jee-europa-winter-win32/eclipse/plugins/org.maven.ide.components.maven_embedder_2.1.0.20080530-2300/jars/doxia-sink-api-1.0-alpha-9.jar;/C:/java/ide/eclipse-jee-europa-winter-win32/eclipse/plugins/org.maven.ide.components.maven_embedder_2.1.0.20080530-2300/jars/jsch-0.1.27.jar;/C:/java/ide/eclipse-jee-europa-winter-win32/eclipse/plugins/org.maven.ide.components.maven_embedder_2.1.0.20080530-2300/jars/jtidy-4aug2000r7-dev.jar;/C:/java/ide/eclipse-jee-europa-winter-win32/eclipse/plugins/org.maven.ide.components.maven_embedder_2.1.0.20080530-2300/jars/maven-artifact-3.0-SNAPSHOT.jar;/C:/java/ide/eclipse-jee-europa-winter-win32/eclipse/plugins/org.maven.ide.components.maven_embedder_2.1.0.20080530-2300/jars/maven-core-2.1-SNAPSHOT.jar;/C:/java/ide/eclipse-jee-europa-winter-win32/eclipse/plugins/org.maven.ide.components.maven_embedder_2.1.0.20080530-2300/jars/maven-embedder-2.1-SNAPSHOT.jar;/C:/java/ide/eclipse-jee-europa-winter-win32/eclipse/plugins/org.maven.ide.components.maven_embedder_2.1.0.20080530-2300/jars/maven-lifecycle-2.1-SNAPSHOT.jar;/C:/java/ide/eclipse-jee-europa-winter-win32/eclipse/plugins/org.maven.ide.components.maven_embedder_2.1.0.20080530-2300/jars/maven-model-2.1-SNAPSHOT.jar;/C:/java/ide/eclipse-jee-europa-winter-win32/eclipse/plugins/org.maven.ide.components.maven_embedder_2.1.0.20080530-2300/jars/maven-plugin-api-2.1-SNAPSHOT.jar;/C:/java/ide/eclipse-jee-europa-winter-win32/eclipse/plugins/org.maven.ide.components.maven_embedder_2.1.0.20080530-2300/jars/maven-profile-2.1-SNAPSHOT.jar;/C:/java/ide/eclipse-jee-europa-winter-win32/eclipse/plugins/org.maven.ide.components.maven_embedder_2.1.0.20080530-2300/jars/maven-project-2.1-SNAPSHOT.jar;/C:/java/ide/eclipse-jee-europa-winter-win32/eclipse/plugins/org.maven.ide.components.maven_embedder_2.1.0.20080530-2300/jars/maven-reporting-api-2.1-SNAPSHOT.jar;/C:/java/ide/eclipse-jee-europa-winter-win32/eclipse/plugins/org.maven.ide.components.maven_embedder_2.1.0.20080530-2300/jars/maven-toolchain-2.1-SNAPSHOT.jar;/C:/java/ide/eclipse-jee-europa-winter-win32/eclipse/plugins/org.maven.ide.components.maven_embedder_2.1.0.20080530-2300/jars/maven-workspace-2.1-SNAPSHOT.jar;/C:/java/ide/eclipse-jee-europa-winter-win32/eclipse/plugins/org.maven.ide.components.maven_embedder_2.1.0.20080530-2300/jars/plexus-classworlds-1.2-alpha-12.jar;/C:/java/ide/eclipse-jee-europa-winter-win32/eclipse/plugins/org.maven.ide.components.maven_embedder_2.1.0.20080530-2300/jars/plexus-container-default-1.0-alpha-44.jar;/C:/java/ide/eclipse-jee-europa-winter-win32/eclipse/plugins/org.maven.ide.components.maven_embedder_2.1.0.20080530-2300/jars/plexus-interactivity-api-1.0-alpha-6.jar;/C:/java/ide/eclipse-jee-europa-winter-win32/eclipse/plugins/org.maven.ide.components.maven_embedder_2.1.0.20080530-2300/jars/plexus-interpolation-1.0-SNAPSHOT.jar;/C:/java/ide/eclipse-jee-europa-winter-win32/eclipse/plugins/org.maven.ide.components.maven_embedder_2.1.0.20080530-2300/jars/plexus-utils-1.5.1.jar;/C:/java/ide/eclipse-jee-europa-winter-win32/eclipse/plugins/org.maven.ide.components.maven_embedder_2.1.0.20080530-2300/jars/wagon-file-1.0-beta-2.jar;/C:/java/ide/eclipse-jee-europa-winter-win32/eclipse/plugins/org.maven.ide.components.maven_embedder_2.1.0.20080530-2300/jars/wagon-http-lightweight-1.0-beta-2.jar;/C:/java/ide/eclipse-jee-europa-winter-win32/eclipse/plugins/org.maven.ide.components.maven_embedder_2.1.0.20080530-2300/jars/wagon-http-shared-1.0-beta-2.jar;/C:/java/ide/eclipse-jee-europa-winter-win32/eclipse/plugins/org.maven.ide.components.maven_embedder_2.1.0.20080530-2300/jars/wagon-provider-api-1.0-beta-2.jar;/C:/java/ide/eclipse-jee-europa-winter-win32/eclipse/plugins/org.maven.ide.components.maven_embedder_2.1.0.20080530-2300/jars/wagon-ssh-1.0-beta-2.jar;/C:/java/ide/eclipse-jee-europa-winter-win32/eclipse/plugins/org.maven.ide.components.maven_embedder_2.1.0.20080530-2300/jars/wagon-ssh-common-1.0-beta-2.jar;/C:/java/ide/eclipse-jee-europa-winter-win32/eclipse/plugins/org.maven.ide.components.maven_embedder_2.1.0.20080530-2300/jars/wagon-ssh-external-1.0-beta-2.jar"/>
    <property name="java.vm.specification.name" value="Java Virtual Machine Specification"/>
    <property name="env.LOGONSERVER" value="\\ELISA-PC"/>
    <property name="env.windir" value="C:\Windows"/>
    <property name="java.vm.specification.version" value="1.0"/>
    <property name="env.PROCESSOR_ARCHITECTURE" value="x86"/>
    <property name="sun.cpu.endian" value="little"/>
    <property name="sun.os.patch.level" value="Service Pack 1"/>
    <property name="surefire.test.class.path" value="C:\java\learning\authoring\target\test-classes;C:\java\learning\authoring\target\classes;C:\Users\Elisa\.m2\repository\com\jgraph\jgraph\5.12.2.1\jgraph-5.12.2.1.jar;C:\Users\Elisa\.m2\repository\jgraph\jgraphx\1.0.1.1\jgraphx-1.0.1.1.jar;C:\Users\Elisa\.m2\repository\cglib\cglib\2.2\cglib-2.2.jar;C:\Users\Elisa\.m2\repository\asm\asm\3.1\asm-3.1.jar;C:\Users\Elisa\.m2\repository\com\jgoodies\forms\1.2.1\forms-1.2.1.jar;C:\Users\Elisa\.m2\repository\org\imsglobal\jaxb-content\1.1.4\jaxb-content-1.1.4.jar;C:\Users\Elisa\.m2\repository\javax\xml\bind\jaxb-api\2.1\jaxb-api-2.1.jar;C:\Users\Elisa\.m2\repository\javax\xml\stream\stax-api\1.0-2\stax-api-1.0-2.jar;C:\Users\Elisa\.m2\repository\javax\activation\activation\1.1\activation-1.1.jar;C:\Users\Elisa\.m2\repository\com\sun\xml\bind\jaxb-impl\2.1.12\jaxb-impl-2.1.12.jar;C:\Users\Elisa\.m2\repository\junit\junit\4.4\junit-4.4.jar;C:\Users\Elisa\.m2\repository\org\imsglobal\jaxb-ld-plug\1.0\jaxb-ld-plug-1.0.jar;"/>
    <property name="env.ProgramFiles" value="C:\Program Files"/>
    <property name="java.io.tmpdir" value="C:\Users\Elisa\AppData\Local\Temp\"/>
    <property name="env.PROCESSOR_REVISION" value="0f0d"/>
    <property name="java.vendor.url.bug" value="http://java.sun.com/cgi-bin/bugreport.cgi"/>
    <property name="env.SystemRoot" value="C:\Windows"/>
    <property name="java.awt.graphicsenv" value="sun.awt.Win32GraphicsEnvironment"/>
    <property name="os.arch" value="x86"/>
    <property name="java.ext.dirs" value="C:\java\jdk1.6.0_07\jre\lib\ext;C:\Windows\Sun\Java\lib\ext"/>
    <property name="user.dir" value="C:\java\learning\authoring"/>
    <property name="env.LOCALAPPDATA" value="C:\Users\Elisa\AppData\Local"/>
    <property name="line.separator" value="
"/>
    <property name="java.vm.name" value="Java HotSpot(TM) Client VM"/>
    <property name="env.PATHEXT" value=".COM;.EXE;.BAT;.CMD;.VBS;.VBE;.JS;.JSE;.WSF;.WSH;.MSC"/>
    <property name="env.Path" value="C:\java\jdk1.6.0_07\bin\..\jre\bin\client;C:\java\jdk1.6.0_07\bin\..\jre\bin;C:\java\jdk1.6.0_07\bin;C:\Windows\system32;C:\Windows;C:\Windows\System32\Wbem;C:\Windows\System32\WindowsPowerShell\v1.0\"/>
    <property name="basedir" value="C:\java\learning\authoring"/>
    <property name="maven.mode.standalone" value="true"/>
    <property name="env.USERNAME" value="Elisa"/>
    <property name="env.SystemDrive" value="C:"/>
    <property name="file.encoding" value="Cp1252"/>
    <property name="env.USERDOMAIN" value="Elisa-PC"/>
    <property name="java.specification.version" value="1.6"/>
    <property name="env.PROCESSOR_LEVEL" value="6"/>
  </properties>
  <testcase time="0.016" classname="org.sakaiproject.authoring.test.accordion.JAccordionTest" name="initializationError0">
    <error message="No runnable methods" type="java.lang.Exception">java.lang.Exception: No runnable methods
	at org.junit.internal.runners.MethodValidator.validateInstanceMethods(MethodValidator.java:32)
	at org.junit.internal.runners.MethodValidator.validateMethodsForDefaultRunner(MethodValidator.java:43)
	at org.junit.internal.runners.JUnit4ClassRunner.validate(JUnit4ClassRunner.java:36)
	at org.junit.internal.runners.JUnit4ClassRunner.&lt;init&gt;(JUnit4ClassRunner.java:27)
	at sun.reflect.NativeConstructorAccessorImpl.newInstance0(Native Method)
	at sun.reflect.NativeConstructorAccessorImpl.newInstance(NativeConstructorAccessorImpl.java:39)
	at sun.reflect.DelegatingConstructorAccessorImpl.newInstance(DelegatingConstructorAccessorImpl.java:27)
	at java.lang.reflect.Constructor.newInstance(Constructor.java:513)
	at org.junit.internal.requests.ClassRequest.buildRunner(ClassRequest.java:33)
	at org.junit.internal.requests.ClassRequest.getRunner(ClassRequest.java:28)
	at org.apache.maven.surefire.junit4.JUnit4TestSet.&lt;init&gt;(JUnit4TestSet.java:45)
	at org.apache.maven.surefire.junit4.JUnit4DirectoryTestSuite.createTestSet(JUnit4DirectoryTestSuite.java:56)
	at org.apache.maven.surefire.suite.AbstractDirectoryTestSuite.locateTestSets(AbstractDirectoryTestSuite.java:96)
	at org.apache.maven.surefire.Surefire.createSuiteFromDefinition(Surefire.java:209)
	at org.apache.maven.surefire.Surefire.run(Surefire.java:156)
	at sun.reflect.NativeMethodAccessorImpl.invoke0(Native Method)
	at sun.reflect.NativeMethodAccessorImpl.invoke(NativeMethodAccessorImpl.java:39)
	at sun.reflect.DelegatingMethodAccessorImpl.invoke(DelegatingMethodAccessorImpl.java:25)
	at java.lang.reflect.Method.invoke(Method.java:597)
	at org.apache.maven.surefire.booter.SurefireBooter.runSuitesInProcess(SurefireBooter.java:338)
	at org.apache.maven.surefire.booter.SurefireBooter.main(SurefireBooter.java:997)
</error>
  </testcase>
</testsuite>